#
# A fatal error has been detected by the Java Runtime Environment:
#
#  EXCEPTION_ACCESS_VIOLATION (0xc0000005) at pc=0x00007ff8893e1be5, pid=8252, tid=19732
#
# JRE version:  (17.0.6+10) (build )
# Java VM: OpenJDK 64-Bit Server VM (17.0.6+10-LTS, mixed mode, sharing, tiered, unknown gc, windows-amd64)
# Problematic frame:
# C  [jimage.dll+0x1be5]
#
# No core dump will be written. Minidumps are not enabled by default on client versions of Windows
#
#

---------------  S U M M A R Y ------------

Command Line: 

Host: 11th Gen Intel(R) Core(TM) i7-1195G7 @ 2.90GHz, 8 cores, 11G,  Windows 11 , 64 bit Build 22000 (10.0.22000.1219)
Time: Thu Mar 16 22:03:11 2023 Central Daylight Time elapsed time: 0.048365 seconds (0d 0h 0m 0s)

---------------  T H R E A D  ---------------

Current thread is native thread

Stack: [0x0000001435b00000,0x0000001435c00000],  sp=0x0000001435bfd710,  free space=1013k
Native frames: (J=compiled Java code, j=interpreted, Vv=VM code, C=native code)
C  [jimage.dll+0x1be5]
C  [jimage.dll+0x1d73]
C  [jimage.dll+0x2651]
V  [jvm.dll+0x1e46ca]
V  [jvm.dll+0xc115e]
V  [jvm.dll+0x7b275c]
V  [jvm.dll+0x3d16c3]
V  [jvm.dll+0x3d30c1]
C  [jli.dll+0x519f]
C  [ucrtbase.dll+0x26c0c]
C  [KERNEL32.DLL+0x15550]
C  [ntdll.dll+0x485b]


siginfo: EXCEPTION_ACCESS_VIOLATION (0xc0000005), reading address 0x0000000000015864


Registers:
RAX=0x0000000000005612, RBX=0x0000001435bfd801, RCX=0x00007ff8893e6000, RDX=0x0000000000005612
RSP=0x0000001435bfd710, RBP=0x0000001435bfd800, RSI=0x0000000000007301, RDI=0x0000001435bfd800
R8 =0x00007ff8893e4278, R9 =0x000000000000001c, R10=0x00007ff82db6f900, R11=0x00007ff8893e6000
R12=0x0000000000000001, R13=0x000001609dd61100, R14=0x0000001435bfe870, R15=0x00007ff82db6f9f8
RIP=0x00007ff8893e1be5, EFLAGS=0x0000000000010246

Top of Stack: (sp=0x0000001435bfd710)
0x0000001435bfd710:   0000001435bfd920 00007ff81c00011d
0x0000001435bfd720:   000001609dbe0b44 0000001435bfd8f8
0x0000001435bfd730:   000001609fefbf10 00007ff8893e1d73
0x0000001435bfd740:   000000000000000b 000001609fefbf10
0x0000001435bfd750:   00000000000006f5 00000000000006f5
0x0000001435bfd760:   00000000000006f5 00007ff8acf01dfa
0x0000001435bfd770:   000001609dd52f80 000001601c00011d
0x0000001435bfd780:   000001609dd50000 00000000000003ff
0x0000001435bfd790:   00000000000006f5 000001609fef0080
0x0000001435bfd7a0:   00003bc18eba7747 000001609dd50150
0x0000001435bfd7b0:   00007ff82db4e560 0000000000000017
0x0000001435bfd7c0:   000001609fefbf10 0000001435bfe870
0x0000001435bfd7d0:   000000000000000b 00007ff8893e2651
0x0000001435bfd7e0:   000001609dd50000 00007ff8000003ff
0x0000001435bfd7f0:   000000000000070b 000001609fef5f20
0x0000001435bfd800:   61622e6176616a2f 692f6b646a2f6573 

Instructions: (pc=0x00007ff8893e1be5)
0x00007ff8893e1ae5:   48 85 c9 74 1d 80 3d 1f 45 00 00 00 74 06 48 8b
0x00007ff8893e1af5:   53 18 eb 04 48 8b 53 40 e8 ae 0e 00 00 48 83 63
0x00007ff8893e1b05:   48 00 8b 4b 0c 83 f9 ff 74 09 e8 e4 0c 00 00 83
0x00007ff8893e1b15:   4b 0c ff 48 8b 4b 70 48 85 c9 74 0f ba 10 00 00
0x00007ff8893e1b25:   00 e8 fd 0e 00 00 48 83 63 70 00 48 83 c4 20 5b
0x00007ff8893e1b35:   c3 cc cc 40 53 48 83 ec 20 48 8b d9 48 8d 0d d8
0x00007ff8893e1b45:   46 00 00 e8 b3 0c 00 00 83 6b 08 01 75 24 48 8b
0x00007ff8893e1b55:   d3 48 8d 0d bb 44 00 00 e8 22 08 00 00 48 8b cb
0x00007ff8893e1b65:   e8 de fe ff ff ba 78 00 00 00 48 8b cb e8 b1 0e
0x00007ff8893e1b75:   00 00 48 8d 0d a2 46 00 00 48 83 c4 20 5b e9 80
0x00007ff8893e1b85:   0c 00 00 48 89 5c 24 08 48 89 74 24 10 57 48 83
0x00007ff8893e1b95:   ec 20 41 8b f1 4d 8b c8 48 8b fa 4c 8b d9 4d 85
0x00007ff8893e1ba5:   c0 74 78 85 f6 74 74 44 8a 12 48 8d 5a 01 48 8b
0x00007ff8893e1bb5:   d3 b8 93 01 00 01 eb 12 69 c0 93 01 00 01 41 0f
0x00007ff8893e1bc5:   b6 ca 44 8a 12 33 c1 48 ff c2 45 84 d2 75 e9 4d
0x00007ff8893e1bd5:   8b 03 0f ba f0 1f 33 d2 49 8b cb f7 f6 48 63 c2
0x00007ff8893e1be5:   41 8b 14 81 41 ff 50 08 85 c0 7e 24 8a 0f eb 10
0x00007ff8893e1bf5:   69 c0 93 01 00 01 0f b6 c9 33 c1 8a 0b 48 ff c3
0x00007ff8893e1c05:   84 c9 75 ec 0f ba f0 1f 33 d2 f7 f6 8b c2 eb 0e
0x00007ff8893e1c15:   79 09 83 c9 ff 2b c8 8b c1 eb 03 83 c8 ff 48 8b
0x00007ff8893e1c25:   5c 24 30 48 8b 74 24 38 48 83 c4 20 5f c3 cc 48
0x00007ff8893e1c35:   89 5c 24 08 48 89 74 24 10 57 48 83 ec 20 48 8b
0x00007ff8893e1c45:   f1 48 8d 0d d3 45 00 00 e8 ae 0b 00 00 33 ff 39
0x00007ff8893e1c55:   3d be 43 00 00 76 24 48 8b 05 bd 43 00 00 48 8b
0x00007ff8893e1c65:   d6 48 8b 1c f8 48 8b 0b e8 be 1e 00 00 85 c0 74
0x00007ff8893e1c75:   2b ff c7 3b 3d 9a 43 00 00 72 dc 33 db 48 8d 0d
0x00007ff8893e1c85:   97 45 00 00 e8 7a 0b 00 00 48 8b 74 24 38 48 8b
0x00007ff8893e1c95:   c3 48 8b 5c 24 30 48 83 c4 20 5f c3 ff 43 08 eb
0x00007ff8893e1ca5:   dc cc cc 48 89 5c 24 08 48 89 74 24 10 57 48 83
0x00007ff8893e1cb5:   ec 20 48 8b d9 48 8b f2 48 8b 49 10 49 8b f8 8b
0x00007ff8893e1cc5:   53 30 48 8b 01 ff 50 20 4c 8b 43 50 48 8b d6 48
0x00007ff8893e1cd5:   8b 4b 10 44 8b c8 e8 a8 fe ff ff 83 f8 ff 74 38 



---------------  P R O C E S S  ---------------

VM state: not at safepoint (not fully initialized)

VM Mutex/Monitor currently owned by a thread: None

GC Precious Log:
<Not initialized>


Dynamic libraries:
0x00007ff6817f0000 - 0x00007ff6817fd000 	C:\Users\udayk\.jdks\corretto-17.0.6\bin\java.exe
0x00007ff8acee0000 - 0x00007ff8ad0e9000 	C:\windows\SYSTEM32\ntdll.dll
0x00007ff8ab260000 - 0x00007ff8ab31e000 	C:\windows\System32\KERNEL32.DLL
0x00007ff8aa520000 - 0x00007ff8aa89b000 	C:\windows\System32\KERNELBASE.dll
0x00007ff8aa920000 - 0x00007ff8aaa31000 	C:\windows\System32\ucrtbase.dll
0x00007ff8803a0000 - 0x00007ff8803b7000 	C:\Users\udayk\.jdks\corretto-17.0.6\bin\jli.dll
0x00007ff8aad70000 - 0x00007ff8aaf1d000 	C:\windows\System32\USER32.dll
0x00007ff8aabd0000 - 0x00007ff8aabf6000 	C:\windows\System32\win32u.dll
0x00007ff8ac310000 - 0x00007ff8ac339000 	C:\windows\System32\GDI32.dll
0x00007ff8aaab0000 - 0x00007ff8aabc8000 	C:\windows\System32\gdi32full.dll
0x00007ff8aac00000 - 0x00007ff8aac9d000 	C:\windows\System32\msvcp_win.dll
0x00007ff883620000 - 0x00007ff8838c5000 	C:\windows\WinSxS\amd64_microsoft.windows.common-controls_6595b64144ccf1df_6.0.22000.120_none_9d947278b86cc467\COMCTL32.dll
0x00007ff8ab880000 - 0x00007ff8ab923000 	C:\windows\System32\msvcrt.dll
0x00007ff87de00000 - 0x00007ff87de15000 	C:\Users\udayk\.jdks\corretto-17.0.6\bin\VCRUNTIME140.dll
0x00007ff8aaf80000 - 0x00007ff8aafb2000 	C:\windows\System32\IMM32.DLL
0x00007ff864d30000 - 0x00007ff864dcb000 	C:\Users\udayk\.jdks\corretto-17.0.6\bin\msvcp140.dll
0x00007ff82d270000 - 0x00007ff82de88000 	C:\Users\udayk\.jdks\corretto-17.0.6\bin\server\jvm.dll
0x00007ff8ac8b0000 - 0x00007ff8ac95e000 	C:\windows\System32\ADVAPI32.dll
0x00007ff8ac6f0000 - 0x00007ff8ac78e000 	C:\windows\System32\sechost.dll
0x00007ff8ac790000 - 0x00007ff8ac8b0000 	C:\windows\System32\RPCRT4.dll
0x00007ff8a2710000 - 0x00007ff8a2719000 	C:\windows\SYSTEM32\WSOCK32.dll
0x00007ff8ac960000 - 0x00007ff8ac9cf000 	C:\windows\System32\WS2_32.dll
0x00007ff8a1480000 - 0x00007ff8a14b3000 	C:\windows\SYSTEM32\WINMM.dll
0x00007ff89ee50000 - 0x00007ff89ee5a000 	C:\windows\SYSTEM32\VERSION.dll
0x00007ff8a94a0000 - 0x00007ff8a94b8000 	C:\windows\SYSTEM32\kernel.appcore.dll
0x00007ff8893e0000 - 0x00007ff8893ea000 	C:\Users\udayk\.jdks\corretto-17.0.6\bin\jimage.dll
0x00007ff8a7e60000 - 0x00007ff8a8081000 	C:\windows\SYSTEM32\DBGHELP.DLL
0x00007ff88a2a0000 - 0x00007ff88a2d1000 	C:\windows\SYSTEM32\dbgcore.DLL
0x00007ff8aa8a0000 - 0x00007ff8aa91f000 	C:\windows\System32\bcryptPrimitives.dll

dbghelp: loaded successfully - version: 4.0.5 - missing functions: none
symbol engine: initialized successfully - sym options: 0x614 - pdb path: .;C:\Users\udayk\.jdks\corretto-17.0.6\bin;C:\windows\SYSTEM32;C:\windows\WinSxS\amd64_microsoft.windows.common-controls_6595b64144ccf1df_6.0.22000.120_none_9d947278b86cc467;C:\Users\udayk\.jdks\corretto-17.0.6\bin\server

VM Arguments:
java_command: <unknown>
java_class_path (initial): <not set>
Launcher Type: SUN_STANDARD

[Global flags]
     bool UseLargePagesIndividualAllocation        = false                                  {pd product} {ergonomic}

Logging:
Log output configuration:
 #0: stdout all=warning uptime,level,tags
 #1: stderr all=off uptime,level,tags

Environment Variables:
JAVA_HOME=C:\Program Files\Java\jdk-11.0.16.1
PATH=C:\Program Files\Common Files\Oracle\Java\javapath;C:\windows\system32;C:\windows;C:\windows\System32\Wbem;C:\windows\System32\WindowsPowerShell\v1.0\;C:\windows\System32\OpenSSH\;C:\Users\udayk\Downloads\apache-maven-4.0.0-alpha-4-bin\apache-maven-4.0.0-alpha-4\bin;C:\Program Files\Java\jdk-11.0.16.1\bin;C:\Users\udayk\AppData\Local\Microsoft\WindowsApps;C:\Users\udayk\AppData\Local\GitHubDesktop\bin
USERNAME=udayk
OS=Windows_NT
PROCESSOR_IDENTIFIER=Intel64 Family 6 Model 140 Stepping 2, GenuineIntel
TMP=C:\Users\udayk\AppData\Local\Temp
TEMP=C:\Users\udayk\AppData\Local\Temp



---------------  S Y S T E M  ---------------

OS:
 Windows 11 , 64 bit Build 22000 (10.0.22000.1219)
OS uptime: 17 days 2:13 hours

CPU: total 8 (initial active 0) 

Memory: 4k page, system-wide physical 11930M (1822M free)
TotalPageFile size 17824M (AvailPageFile size 2961M)
current process WorkingSet (physical memory assigned to process): 8M, peak: 8M
current process commit charge ("private bytes"): 3M, peak: 3M

vm_info: OpenJDK 64-Bit Server VM (17.0.6+10-LTS) for windows-amd64 JRE (17.0.6+10-LTS), built on Jan 13 2023 22:57:04 by "Administrator" with MS VC++ 15.9 (VS2017)

END.
